<?xml version="1.0" encoding="UTF-8" ?>
<testsuite tests="7" failures="0" name="lab.EstacionMeteorologicaTest" time="0.008" errors="0" skipped="0">
  <properties>
    <property name="java.runtime.name" value="OpenJDK Runtime Environment"/>
    <property name="java.vm.version" value="14.0.2+12-46"/>
    <property name="sun.boot.library.path" value="C:\Users\msi\.jdks\openjdk-14.0.2\bin"/>
    <property name="maven.multiModuleProjectDirectory" value="D:\msi\Documents\Code\lab6-designa-team1234"/>
    <property name="java.vm.vendor" value="Oracle Corporation"/>
    <property name="java.vendor.url" value="https://java.oracle.com/"/>
    <property name="guice.disable.misplaced.annotation.check" value="true"/>
    <property name="path.separator" value=";"/>
    <property name="java.vm.name" value="OpenJDK 64-Bit Server VM"/>
    <property name="sun.os.patch.level" value=""/>
    <property name="user.script" value=""/>
    <property name="user.country" value="PE"/>
    <property name="sun.java.launcher" value="SUN_STANDARD"/>
    <property name="java.vm.specification.name" value="Java Virtual Machine Specification"/>
    <property name="user.dir" value="D:\msi\Documents\Code\lab6-designa-team1234"/>
    <property name="java.vm.compressedOopsMode" value="Zero based"/>
    <property name="java.runtime.version" value="14.0.2+12-46"/>
    <property name="os.arch" value="amd64"/>
    <property name="java.io.tmpdir" value="C:\Users\msi\AppData\Local\Temp\"/>
    <property name="line.separator" value="
"/>
    <property name="java.vm.specification.vendor" value="Oracle Corporation"/>
    <property name="user.variant" value=""/>
    <property name="os.name" value="Windows 10"/>
    <property name="classworlds.conf" value="D:\Programas\apache-maven-3.6.3\bin\..\bin\m2.conf"/>
    <property name="sun.jnu.encoding" value="Cp1252"/>
    <property name="java.library.path" value="C:\Users\msi\.jdks\openjdk-14.0.2\bin;C:\WINDOWS\Sun\Java\bin;C:\WINDOWS\system32;C:\WINDOWS;C:\Program Files (x86)\Common Files\Oracle\Java\javapath;C:\ProgramData\Oracle\Java\javapath;C:\Program Files\Microsoft MPI\Bin\;C:\WINDOWS\system32;C:\WINDOWS;C:\WINDOWS\System32\Wbem;C:\WINDOWS\System32\WindowsPowerShell\v1.0\;C:\WINDOWS\System32\OpenSSH\;D:\Programas\Cmake\bin;C:\Program Files\NVIDIA Corporation\NVIDIA NvDLISR;C:\Program Files (x86)\NVIDIA Corporation\PhysX\Common;D:\Programas\mingw\bin;C:\Program Files\dotnet\;C:\Program Files (x86)\Calibre2\;D:\Programas\Git\cmd;C:\Program Files\Microsoft SQL Server\130\Tools\Binn\;C:\Program Files\Microsoft SQL Server\Client SDK\ODBC\170\Tools\Binn\;C:\Program Files\Mullvad VPN\resources;D:\Programas\Matlab\RR002\bin;D:\Programas\apache-maven-3.6.3\bin;C:\Program Files\Java\jdk-14.0.2\bin;C:\Users\msi\.jdks\openjdk-14.0.2\bin;D:\Programas\Python\Python38-32\Scripts\;D:\Programas\Python\Python38-32\;C:\Users\msi\AppData\Local\Microsoft\WindowsApps;D:\Programas\CLion 2019.3.5\bin;D:\Programas\PyCharm 2019.3.4\bin;D:\Programas\Microsoft VS Code\bin;C:\Users\msi\JetBrains Rider 2020.1.4\bin;C:\Users\msi\.dotnet\tools;C:\Users\msi\AppData\Local\GitHubDesktop\bin;D:\Programas\IntelliJ IDEA 2020.2.1\bin;;D:\Programas\apache-maven-3.6.3\bin;C:\Program Files\Java\jdk-14.0.2\bin;C:\Users\msi\.jdks\openjdk-14.0.2\bin;D:\Programas\Nmap;."/>
    <property name="maven.conf" value="D:\Programas\apache-maven-3.6.3\bin\../conf"/>
    <property name="jdk.debug" value="release"/>
    <property name="java.class.version" value="58.0"/>
    <property name="java.specification.name" value="Java Platform API Specification"/>
    <property name="sun.management.compiler" value="HotSpot 64-Bit Tiered Compilers"/>
    <property name="os.version" value="10.0"/>
    <property name="library.jansi.path" value="D:\Programas\apache-maven-3.6.3\bin\..\lib\jansi-native"/>
    <property name="user.home" value="C:\Users\msi"/>
    <property name="user.timezone" value="America/Bogota"/>
    <property name="file.encoding" value="Cp1252"/>
    <property name="java.specification.version" value="14"/>
    <property name="user.name" value="msi"/>
    <property name="java.class.path" value="D:\Programas\apache-maven-3.6.3\bin\..\boot\plexus-classworlds-2.6.0.jar"/>
    <property name="java.vm.specification.version" value="14"/>
    <property name="sun.arch.data.model" value="64"/>
    <property name="sun.java.command" value="org.codehaus.plexus.classworlds.launcher.Launcher verify sonar:sonar"/>
    <property name="java.home" value="C:\Users\msi\.jdks\openjdk-14.0.2"/>
    <property name="user.language" value="es"/>
    <property name="java.specification.vendor" value="Oracle Corporation"/>
    <property name="java.vm.info" value="mixed mode, sharing"/>
    <property name="java.version" value="14.0.2"/>
    <property name="java.vendor" value="Oracle Corporation"/>
    <property name="sun.stderr.encoding" value="cp850"/>
    <property name="maven.home" value="D:\Programas\apache-maven-3.6.3\bin\.."/>
    <property name="file.separator" value="\"/>
    <property name="java.version.date" value="2020-07-14"/>
    <property name="java.vendor.url.bug" value="https://bugreport.java.com/bugreport/"/>
    <property name="sun.io.unicode.encoding" value="UnicodeLittle"/>
    <property name="sun.cpu.endian" value="little"/>
    <property name="sun.stdout.encoding" value="cp850"/>
    <property name="sun.cpu.isalist" value="amd64"/>
  </properties>
  <testcase classname="lab.EstacionMeteorologicaTest" name="UpdateClientTest" time="0.007"/>
  <testcase classname="lab.EstacionMeteorologicaTest" name="test_data_changes_multiple" time="0"/>
  <testcase classname="lab.EstacionMeteorologicaTest" name="test_data_changes_single" time="0"/>
  <testcase classname="lab.EstacionMeteorologicaTest" name="test_data_create_multiple" time="0"/>
  <testcase classname="lab.EstacionMeteorologicaTest" name="test_get_data_multiple" time="0.001"/>
  <testcase classname="lab.EstacionMeteorologicaTest" name="test_get_data_single" time="0"/>
  <testcase classname="lab.EstacionMeteorologicaTest" name="tetst_data_create_single" time="0"/>
</testsuite>