<?xml version="1.0" encoding="UTF-8"?>
<!-- Generated by org.testng.reporters.JUnitReportReporter -->
<testsuite hostname="DESKTOP-CVOTP1V" failures="0" tests="7" name="lab.EstacionMeteorologicaTest" time="0.007" errors="0" timestamp="2020-09-30T19:06:39 COT" skipped="0">
  <testcase classname="lab.EstacionMeteorologicaTest" name="test_get_data_single" time="0.000"/>
  <testcase classname="lab.EstacionMeteorologicaTest" name="test_data_create_multiple" time="0.000"/>
  <testcase classname="lab.EstacionMeteorologicaTest" name="test_get_data_multiple" time="0.000"/>
  <testcase classname="lab.EstacionMeteorologicaTest" name="test_data_changes_multiple" time="0.000"/>
  <testcase classname="lab.EstacionMeteorologicaTest" name="UpdateClientTest" time="0.006"/>
  <testcase classname="lab.EstacionMeteorologicaTest" name="test_data_changes_single" time="0.001"/>
  <testcase classname="lab.EstacionMeteorologicaTest" name="tetst_data_create_single" time="0.000"/>
</testsuite> <!-- lab.EstacionMeteorologicaTest -->
